\BOOKMARK [1][-]{Doc-Start}{\376\377\000D\000a\000n\000h\000\040\000m\036\345\000c\000\040\000b\036\243\000n\000g\000\040\000b\000i\036\303\000u}{}% 1
\BOOKMARK [1][-]{Doc-Start}{\376\377\000D\000a\000n\000h\000\040\000m\036\345\000c\000\040\000h\000\354\000n\000h\000\040\036\243\000n\000h}{}% 2
\BOOKMARK [1][-]{Doc-Start}{\376\377\000D\000a\000n\000h\000\040\000m\036\345\000c\000\040\000n\000h\036\357\000n\000g\000\040\000t\036\353\000\040\000v\000i\036\277\000t\000\040\000t\036\257\000t}{}% 3
\BOOKMARK [1][-]{table.caption.1}{\376\377\000M\036\337\000\040\001\021\036\247\000u}{}% 4
\BOOKMARK [1][-]{table.caption.1}{\376\377\000T\036\325\000n\000g\000\040\000q\000u\000a\000n\000\040\000t\000\354\000n\000h\000\040\000h\000\354\000n\000h\000\040\000n\000g\000h\000i\000\352\000n\000\040\000c\036\351\000u\000\040\000t\000h\000u\036\331\000c\000\040\000l\001\051\000n\000h\000\040\000v\036\361\000c\000\040\001\021\036\301\000\040\000t\000\340\000i}{}% 5
\BOOKMARK [1][-]{table.caption.1}{\376\377\000L\000\375\000\040\000d\000o\000\040\000l\036\361\000a\000\040\000c\000h\036\315\000n\000\040\001\021\036\301\000\040\000t\000\340\000i}{}% 6
\BOOKMARK [1][-]{table.caption.1}{\376\377\000M\036\345\000c\000\040\000t\000i\000\352\000u\000,\000\040\000n\036\331\000i\000\040\000d\000u\000n\000g\000,\000\040\000p\000h\001\260\001\241\000n\000g\000\040\000p\000h\000\341\000p\000\040\000n\000g\000h\000i\000\352\000n\000\040\000c\036\351\000u\000\040\000c\036\347\000a\000\040\001\021\036\301\000\040\000t\000\340\000i}{}% 7
\BOOKMARK [1][-]{table.caption.1}{\376\377\001\020\036\321\000i\000\040\000t\001\260\036\343\000n\000g\000\040\000v\000\340\000\040\000p\000h\036\241\000m\000\040\000v\000i\000\040\000n\000g\000h\000i\000\352\000n\000\040\000c\036\351\000u}{}% 8
\BOOKMARK [1][-]{section.1}{\376\377\000C\001\241\000\040\000s\036\337\000\040\000l\000\375\000\040\000t\000h\000u\000y\036\277\000t}{}% 9
\BOOKMARK [2][-]{subsection.1.1}{\376\377\000B\000\340\000i\000\040\000t\000o\000\341\000n\000\040\000x\036\277\000p\000\040\000t\000h\036\335\000i\000\040\000k\000h\000\363\000a\000\040\000b\000i\036\303\000u\000\040\001\021\036\241\000i\000\040\000h\036\315\000c}{section.1}% 10
\BOOKMARK [2][-]{subsection.1.2}{\376\377\000T\000h\000u\036\255\000t\000\040\000t\000o\000\341\000n\000\040\000d\000i\000\040\000t\000r\000u\000y\036\301\000n\000\040\000\050\000G\000e\000n\000e\000t\000i\000c\000\040\000A\000l\000g\000o\000r\000i\000t\000h\000m\000\051}{section.1}% 11
\BOOKMARK [2][-]{subsection.1.3}{\376\377\000T\036\325\000n\000g\000\040\000q\000u\000a\000n\000\040\000n\000g\000h\000i\000\352\000n\000\040\000c\036\351\000u\000\040\000l\000i\000\352\000n\000\040\000q\000u\000a\000n}{section.1}% 12
\BOOKMARK [1][-]{section.2}{\376\377\000M\000\364\000\040\000h\000\354\000n\000h\000\040\000v\000\340\000\040\000t\000h\000u\036\255\000t\000\040\000t\000o\000\341\000n}{}% 13
\BOOKMARK [2][-]{subsection.2.1}{\376\377\000B\000\340\000i\000\040\000t\000o\000\341\000n\000\040\000x\036\277\000p\000\040\000T\000K\000B\000\040\000t\036\241\000i\000\040\001\020\036\241\000i\000\040\000h\036\315\000c\000\040\000P\000h\000e\000n\000i\000k\000a\000a}{section.2}% 14
\BOOKMARK [3][-]{subsubsection.2.1.1}{\376\377\001\020\036\267\000c\000\040\001\021\000i\036\303\000m\000\040\000d\036\357\000\040\000l\000i\036\307\000u\000\040\000v\000\340\000\040\000q\000u\000y\000\040\000m\000\364\000\040\000b\000\340\000i\000\040\000t\000o\000\341\000n}{subsection.2.1}% 15
\BOOKMARK [3][-]{subsubsection.2.1.2}{\376\377\000N\000h\036\357\000n\000g\000\040\000v\036\245\000n\000\040\001\021\036\301\000\040\000c\000h\001\260\000a\000\040\000h\036\343\000p\000\040\000l\000\375\000\040\000t\000r\000o\000n\000g\000\040\000T\000K\000B\000\040\000h\000i\036\307\000n\000\040\000h\000\340\000n\000h}{subsection.2.1}% 16
\BOOKMARK [2][-]{subsection.2.2}{\376\377\000M\000\364\000\040\000h\000\354\000n\000h\000\040\000h\000\363\000a\000\040\000b\000\340\000i\000\040\000t\000o\000\341\000n}{section.2}% 17
\BOOKMARK [3][-]{subsubsection.2.2.1}{\376\377\001\020\036\313\000n\000h\000\040\000n\000g\000h\001\051\000a\000\040\000v\000\340\000\040\000k\000\375\000\040\000h\000i\036\307\000u}{subsection.2.2}% 18
\BOOKMARK [3][-]{subsubsection.2.2.2}{\376\377\000R\000\340\000n\000g\000\040\000b\000u\036\331\000c\000\040\000c\036\351\000n\000g\000\040\000v\000\340\000\040\000r\000\340\000n\000g\000\040\000b\000u\036\331\000c\000\040\000m\036\301\000m}{subsection.2.2}% 19
\BOOKMARK [3][-]{subsubsection.2.2.3}{\376\377\000H\000\340\000m\000\040\000m\036\345\000c\000\040\000t\000i\000\352\000u}{subsection.2.2}% 20
\BOOKMARK [2][-]{subsection.2.3}{\376\377\000\301\000p\000\040\000d\036\345\000n\000g\000\040\000t\000h\000u\036\255\000t\000\040\000t\000o\000\341\000n\000\040\000G\000A\000\040\000v\000\340\000o\000\040\000b\000\340\000i\000\040\000t\000o\000\341\000n}{section.2}% 21
\BOOKMARK [3][-]{subsubsection.2.3.1}{\376\377\000K\000h\036\337\000i\000\040\000t\036\241\000o\000\040\000q\000u\036\247\000n\000\040\000t\000h\036\303}{subsection.2.3}% 22
\BOOKMARK [3][-]{subsubsection.2.3.2}{\376\377\000C\000h\036\315\000n\000\040\000l\036\315\000c\000,\000\040\000l\000a\000i\000\040\000g\000h\000\351\000p\000,\000\040\001\021\036\331\000t\000\040\000b\000i\036\277\000n\000\040\000v\000\340\000\040\000s\036\355\000a\000\040\000x\000u\000n\000g\000\040\001\021\036\331\000t}{subsection.2.3}% 23
\BOOKMARK [3][-]{subsubsection.2.3.3}{\376\377\001\020\000i\036\301\000u\000\040\000k\000i\036\307\000n\000\040\000d\036\353\000n\000g\000\040\000v\000\340\000\040\000t\000i\000n\000h\000\040\000c\000h\036\311\000n\000h\000\040\000c\000u\036\321\000i}{subsection.2.3}% 24
\BOOKMARK [3][-]{subsubsection.2.3.4}{\376\377\000M\000\343\000\040\000g\000i\036\243\000\040\000t\000h\000u\036\255\000t\000\040\000t\000o\000\341\000n}{subsection.2.3}% 25
\BOOKMARK [1][-]{section.3}{\376\377\000T\000h\036\361\000c\000\040\000n\000g\000h\000i\036\307\000m\000\040\000v\000\340\000\040\000k\036\277\000t\000\040\000q\000u\036\243}{}% 26
\BOOKMARK [2][-]{subsection.3.1}{\376\377\000D\036\357\000\040\000l\000i\036\307\000u\000\040\000v\000\340\000\040\000t\000h\000i\036\277\000t\000\040\000l\036\255\000p\000\040\000t\000h\000\355\000\040\000n\000g\000h\000i\036\307\000m}{section.3}% 27
\BOOKMARK [3][-]{subsubsection.3.1.1}{\376\377\000B\036\331\000\040\000d\036\357\000\040\000l\000i\036\307\000u}{subsection.3.1}% 28
\BOOKMARK [3][-]{subsubsection.3.1.2}{\376\377\000T\000h\000i\036\277\000t\000\040\000l\036\255\000p\000\040\000t\000h\000\355\000\040\000n\000g\000h\000i\036\307\000m}{subsection.3.1}% 29
\BOOKMARK [3][-]{subsubsection.3.1.3}{\376\377\000Q\000u\000y\000\040\000t\000r\000\354\000n\000h\000\040\000t\000h\036\361\000c\000\040\000n\000g\000h\000i\036\307\000m}{subsection.3.1}% 30
\BOOKMARK [2][-]{subsection.3.2}{\376\377\000K\036\277\000t\000\040\000q\000u\036\243\000\040\000t\000h\036\361\000c\000\040\000n\000g\000h\000i\036\307\000m\000\040\000v\000\340\000\040\001\021\000\341\000n\000h\000\040\000g\000i\000\341}{section.3}% 31
\BOOKMARK [3][-]{subsubsection.3.2.1}{\376\377\000K\036\277\000t\000\040\000q\000u\036\243\000\040\000t\036\325\000n\000g\000\040\000q\000u\000a\000n\000\040\000v\000\340\000\040\000\375\000\040\000n\000g\000h\001\051\000a\000\040\000t\000h\036\361\000c\000\040\000t\000i\036\305\000n}{subsection.3.2}% 32
\BOOKMARK [3][-]{subsubsection.3.2.2}{\376\377\000B\000i\036\303\000u\000\040\001\021\036\323\000\040\000k\036\277\000t\000\040\000q\000u\036\243}{subsection.3.2}% 33
\BOOKMARK [3][-]{subsubsection.3.2.3}{\376\377\000P\000h\000\342\000n\000\040\000t\000\355\000c\000h\000\040\000s\000\342\000u\000\040\000v\036\301\000\040\000R\000\340\000n\000g\000\040\000b\000u\036\331\000c\000\040\000m\036\301\000m\000\040\000v\000\340\000\040\000F\000i\000t\000n\000e\000s\000s}{subsection.3.2}% 34
\BOOKMARK [3][-]{subsubsection.3.2.4}{\376\377\000S\000o\000\040\000s\000\341\000n\000h\000\040\000G\000A\000\040\000v\000\340\000\040\000S\000i\000m\000u\000l\000a\000t\000e\000d\000\040\000A\000n\000n\000e\000a\000l\000i\000n\000g}{subsection.3.2}% 35
\BOOKMARK [3][-]{subsubsection.3.2.5}{\376\377\001\020\036\331\000\040\000t\000i\000n\000\040\000c\036\255\000y\000\040\000k\036\277\000t\000\040\000q\000u\036\243\000\040\000v\000\340\000\040\000p\000h\036\241\000m\000\040\000v\000i\000\040\000h\000i\036\307\000u\000\040\000l\036\361\000c}{subsection.3.2}% 36
\BOOKMARK [1][-]{section.4}{\376\377\000H\036\307\000\040\000t\000h\036\321\000n\000g\000\040\000p\000h\036\247\000n\000\040\000m\036\301\000m\000\040\001\021\000\343\000\040\000t\000r\000i\036\303\000n\000\040\000k\000h\000a\000i}{}% 37
\BOOKMARK [2][-]{subsection.4.1}{\376\377\000C\000\341\000c\000\040\000n\000h\000\363\000m\000\040\000c\000h\036\351\000c\000\040\000n\001\003\000n\000g\000\040\000c\000h\000\355\000n\000h}{section.4}% 38
\BOOKMARK [2][-]{subsection.4.2}{\376\377\000M\000\364\000\040\000h\000\354\000n\000h\000\040\000c\001\241\000\040\000s\036\337\000\040\000d\036\357\000\040\000l\000i\036\307\000u\000\040\000t\036\325\000n\000g\000\040\000q\000u\000\341\000t}{section.4}% 39
\BOOKMARK [2][-]{subsection.4.3}{\376\377\000Q\000u\000y\000\040\000t\000r\000\354\000n\000h\000\040\000t\036\241\000o\000\040\000t\000h\036\335\000i\000\040\000k\000h\000\363\000a\000\040\000b\000i\036\303\000u\000\040\000t\000r\000o\000n\000g\000\040\000h\036\307\000\040\000t\000h\036\321\000n\000g}{section.4}% 40
\BOOKMARK [2][-]{subsection.4.4}{\376\377\000G\000i\000a\000o\000\040\000d\000i\036\307\000n\000\040\000h\036\307\000\040\000t\000h\036\321\000n\000g\000\040\000v\000\340\000\040\000m\000i\000n\000h\000\040\000c\000h\036\351\000n\000g\000\040\000k\036\277\000t\000\040\000q\000u\036\243}{section.4}% 41
\BOOKMARK [1][-]{figure.caption.16}{\376\377\000K\036\277\000t\000\040\000l\000u\036\255\000n\000\040\000v\000\340\000\040\000k\000i\036\277\000n\000\040\000n\000g\000h\036\313}{}% 42
\BOOKMARK [1][-]{figure.caption.16}{\376\377\000T\000\340\000i\000\040\000l\000i\036\307\000u\000\040\000t\000h\000a\000m\000\040\000k\000h\036\243\000o}{}% 43
\BOOKMARK [1][-]{figure.caption.16}{\376\377\000P\000h\036\345\000\040\000l\036\345\000c}{}% 44
